c:\users\daniel\source\repos\process-injection-guard\detection\debug\vc143.pdb
c:\users\daniel\source\repos\process-injection-guard\detection\debug\vc143.idb
c:\users\daniel\source\repos\process-injection-guard\detection\debug\strmanipulation.obj
c:\users\daniel\source\repos\process-injection-guard\detection\debug\convertions.obj
c:\users\daniel\source\repos\process-injection-guard\detection\debug\sigscanner.obj
c:\users\daniel\source\repos\process-injection-guard\detection\debug\trampoline.obj
c:\users\daniel\source\repos\process-injection-guard\detection\debug\hkrtlgetfullpathname_u.obj
c:\users\daniel\source\repos\process-injection-guard\detection\debug\hkloadlibrarya.obj
c:\users\daniel\source\repos\process-injection-guard\detection\debug\dllmain.obj
c:\users\daniel\source\repos\process-injection-guard\detection\debug\configparser.obj
c:\users\daniel\source\repos\process-injection-guard\detection\debug\config.obj
c:\users\daniel\source\repos\process-injection-guard\debug\detection.dll
c:\users\daniel\source\repos\process-injection-guard\debug\detection.pdb
c:\users\daniel\source\repos\process-injection-guard\debug\detection.lib
c:\users\daniel\source\repos\process-injection-guard\debug\detection.exp
c:\users\daniel\source\repos\process-injection-guard\detection\debug\detection.ilk
c:\users\daniel\source\repos\process-injection-guard\detection\debug\detection.tlog\cl.command.1.tlog
c:\users\daniel\source\repos\process-injection-guard\detection\debug\detection.tlog\cl.items.tlog
c:\users\daniel\source\repos\process-injection-guard\detection\debug\detection.tlog\cl.read.1.tlog
c:\users\daniel\source\repos\process-injection-guard\detection\debug\detection.tlog\cl.write.1.tlog
c:\users\daniel\source\repos\process-injection-guard\detection\debug\detection.tlog\link.command.1.tlog
c:\users\daniel\source\repos\process-injection-guard\detection\debug\detection.tlog\link.read.1.tlog
c:\users\daniel\source\repos\process-injection-guard\detection\debug\detection.tlog\link.secondary.1.tlog
c:\users\daniel\source\repos\process-injection-guard\detection\debug\detection.tlog\link.write.1.tlog
