c:\users\daniel\source\repos\process-injection-guard\detection\release\vc143.pdb
c:\users\daniel\source\repos\process-injection-guard\detection\release\strmanipulation.obj
c:\users\daniel\source\repos\process-injection-guard\detection\release\convertions.obj
c:\users\daniel\source\repos\process-injection-guard\detection\release\sigscanner.obj
c:\users\daniel\source\repos\process-injection-guard\detection\release\trampoline.obj
c:\users\daniel\source\repos\process-injection-guard\detection\release\hkrtlgetfullpathname_u.obj
c:\users\daniel\source\repos\process-injection-guard\detection\release\hkloadlibrarya.obj
c:\users\daniel\source\repos\process-injection-guard\detection\release\dllmain.obj
c:\users\daniel\source\repos\process-injection-guard\detection\release\configparser.obj
c:\users\daniel\source\repos\process-injection-guard\detection\release\config.obj
c:\users\daniel\source\repos\process-injection-guard\release\detection.dll
c:\users\daniel\source\repos\process-injection-guard\release\detection.pdb
c:\users\daniel\source\repos\process-injection-guard\release\detection.lib
c:\users\daniel\source\repos\process-injection-guard\release\detection.exp
c:\users\daniel\source\repos\process-injection-guard\detection\release\detection.ipdb
c:\users\daniel\source\repos\process-injection-guard\detection\release\detection.iobj
c:\users\daniel\source\repos\process-injection-guard\detection\release\detection.tlog\cl.command.1.tlog
c:\users\daniel\source\repos\process-injection-guard\detection\release\detection.tlog\cl.items.tlog
c:\users\daniel\source\repos\process-injection-guard\detection\release\detection.tlog\cl.read.1.tlog
c:\users\daniel\source\repos\process-injection-guard\detection\release\detection.tlog\cl.write.1.tlog
c:\users\daniel\source\repos\process-injection-guard\detection\release\detection.tlog\link.command.1.tlog
c:\users\daniel\source\repos\process-injection-guard\detection\release\detection.tlog\link.read.1.tlog
c:\users\daniel\source\repos\process-injection-guard\detection\release\detection.tlog\link.secondary.1.tlog
c:\users\daniel\source\repos\process-injection-guard\detection\release\detection.tlog\link.write.1.tlog
